<?xml version="1.0" encoding="UTF-8"?>
<!-- Generated by org.testng.reporters.JUnitReportReporter -->
<testsuite skipped="1" hostname="DESKTOP-IL3GENK" name="tests.SearchTest" tests="3" failures="0" timestamp="07 Feb 2022 03:51:03 GMT" time="38.277" errors="0">
  <testcase name="Test1" time="19.945" classname="tests.SearchTest"/>
  <testcase name="Test2" time="18.332" classname="tests.SearchTest"/>
  <testcase name="Returntest" classname="tests.SearchTest">
    <skipped/>
  </testcase> <!-- Returntest -->
</testsuite> <!-- tests.SearchTest -->
