<?xml version="1.0" encoding="UTF-8"?>
<!-- Generated by org.testng.reporters.JUnitReportReporter -->
<testsuite skipped="0" hostname="DESKTOP-IL3GENK" name="tests.SearchTest" tests="1" failures="0" timestamp="2022-02-01T16:09:52 IST" time="6.022" errors="0">
  <testcase name="Test1" time="6.022" classname="tests.SearchTest"/>
  <system-out/>
</testsuite> <!-- tests.SearchTest -->
